# JRE version: OpenJDK Runtime Environment (11.0.10) (build 11.0.10+0-b96-7249189)
# Java VM: OpenJDK 64-Bit Server VM (11.0.10+0-b96-7249189, mixed mode, tiered, compressed oops, g1 gc, windows-amd64)
Heap:
 garbage-first heap   total 236544K, used 122880K [0x0000000080000000, 0x0000000100000000)
  region size 1024K, 26 young (26624K), 12 survivors (12288K)
 Metaspace       used 97063K, capacity 99191K, committed 99404K, reserved 1136640K
  class space    used 12323K, capacity 13113K, committed 13184K, reserved 1048576K
GC Heap History (20 events):
Event: 11.960 GC heap before
{Heap before GC invocations=11 (full 0):
 garbage-first heap   total 196608K, used 99156K [0x0000000080000000, 0x0000000100000000)
  region size 1024K, 74 young (75776K), 14 survivors (14336K)
 Metaspace       used 58778K, capacity 60110K, committed 60160K, reserved 1101824K
  class space    used 7433K, capacity 7907K, committed 7936K, reserved 1048576K
}
Event: 11.980 GC heap after
{Heap after GC invocations=12 (full 0):
 garbage-first heap   total 196608K, used 44210K [0x0000000080000000, 0x0000000100000000)
  region size 1024K, 6 young (6144K), 6 survivors (6144K)
 Metaspace       used 58778K, capacity 60110K, committed 60160K, reserved 1101824K
  class space    used 7433K, capacity 7907K, committed 7936K, reserved 1048576K
}
Event: 13.510 GC heap before
{Heap before GC invocations=13 (full 0):
 garbage-first heap   total 196608K, used 127154K [0x0000000080000000, 0x0000000100000000)
  region size 1024K, 87 young (89088K), 6 survivors (6144K)
 Metaspace       used 64829K, capacity 66330K, committed 66508K, reserved 1107968K
  class space    used 8428K, capacity 8947K, committed 8960K, reserved 1048576K
}
Event: 13.530 GC heap after
{Heap after GC invocations=14 (full 0):
 garbage-first heap   total 236544K, used 48991K [0x0000000080000000, 0x0000000100000000)
  region size 1024K, 11 young (11264K), 11 survivors (11264K)
 Metaspace       used 64829K, capacity 66330K, committed 66508K, reserved 1107968K
  class space    used 8428K, capacity 8947K, committed 8960K, reserved 1048576K
}
Event: 15.538 GC heap before
{Heap before GC invocations=15 (full 0):
 garbage-first heap   total 236544K, used 146271K [0x0000000080000000, 0x0000000100000000)
  region size 1024K, 106 young (108544K), 11 survivors (11264K)
 Metaspace       used 72371K, capacity 74105K, committed 74316K, reserved 1114112K
  class space    used 9502K, capacity 10066K, committed 10112K, reserved 1048576K
}
Event: 15.555 GC heap after
{Heap after GC invocations=16 (full 0):
 garbage-first heap   total 236544K, used 55751K [0x0000000080000000, 0x0000000100000000)
  region size 1024K, 13 young (13312K), 13 survivors (13312K)
 Metaspace       used 72371K, capacity 74105K, committed 74316K, reserved 1114112K
  class space    used 9502K, capacity 10066K, committed 10112K, reserved 1048576K
}
Event: 17.740 GC heap before
{Heap before GC invocations=16 (full 0):
 garbage-first heap   total 236544K, used 154055K [0x0000000080000000, 0x0000000100000000)
  region size 1024K, 110 young (112640K), 13 survivors (13312K)
 Metaspace       used 76923K, capacity 78846K, committed 79052K, reserved 1118208K
  class space    used 9983K, capacity 10663K, committed 10752K, reserved 1048576K
}
Event: 17.762 GC heap after
{Heap after GC invocations=17 (full 0):
 garbage-first heap   total 236544K, used 63200K [0x0000000080000000, 0x0000000100000000)
  region size 1024K, 14 young (14336K), 14 survivors (14336K)
 Metaspace       used 76923K, capacity 78846K, committed 79052K, reserved 1118208K
  class space    used 9983K, capacity 10663K, committed 10752K, reserved 1048576K
}
Event: 19.480 GC heap before
{Heap before GC invocations=17 (full 0):
 garbage-first heap   total 236544K, used 179936K [0x0000000080000000, 0x0000000100000000)
  region size 1024K, 112 young (114688K), 14 survivors (14336K)
 Metaspace       used 80991K, capacity 82939K, committed 83148K, reserved 1122304K
  class space    used 10452K, capacity 11166K, committed 11264K, reserved 1048576K
}
Event: 19.505 GC heap after
{Heap after GC invocations=18 (full 0):
 garbage-first heap   total 236544K, used 80145K [0x0000000080000000, 0x0000000100000000)
  region size 1024K, 14 young (14336K), 14 survivors (14336K)
 Metaspace       used 80991K, capacity 82939K, committed 83148K, reserved 1122304K
  class space    used 10452K, capacity 11166K, committed 11264K, reserved 1048576K
}
Event: 28.700 GC heap before
{Heap before GC invocations=18 (full 0):
 garbage-first heap   total 236544K, used 168209K [0x0000000080000000, 0x0000000100000000)
  region size 1024K, 100 young (102400K), 14 survivors (14336K)
 Metaspace       used 84082K, capacity 86137K, committed 86220K, reserved 1124352K
  class space    used 10789K, capacity 11513K, committed 11520K, reserved 1048576K
}
Event: 28.719 GC heap after
{Heap after GC invocations=19 (full 0):
 garbage-first heap   total 236544K, used 86016K [0x0000000080000000, 0x0000000100000000)
  region size 1024K, 5 young (5120K), 5 survivors (5120K)
 Metaspace       used 84082K, capacity 86137K, committed 86220K, reserved 1124352K
  class space    used 10789K, capacity 11513K, committed 11520K, reserved 1048576K
}
Event: 33.134 GC heap before
{Heap before GC invocations=19 (full 0):
 garbage-first heap   total 236544K, used 174080K [0x0000000080000000, 0x0000000100000000)
  region size 1024K, 92 young (94208K), 5 survivors (5120K)
 Metaspace       used 87488K, capacity 89553K, committed 89804K, reserved 1126400K
  class space    used 11221K, capacity 11968K, committed 12032K, reserved 1048576K
}
Event: 33.144 GC heap after
{Heap after GC invocations=20 (full 0):
 garbage-first heap   total 236544K, used 90112K [0x0000000080000000, 0x0000000100000000)
  region size 1024K, 9 young (9216K), 9 survivors (9216K)
 Metaspace       used 87488K, capacity 89553K, committed 89804K, reserved 1126400K
  class space    used 11221K, capacity 11968K, committed 12032K, reserved 1048576K
}
Event: 38.492 GC heap before
{Heap before GC invocations=20 (full 0):
 garbage-first heap   total 236544K, used 178176K [0x0000000080000000, 0x0000000100000000)
  region size 1024K, 96 young (98304K), 9 survivors (9216K)
 Metaspace       used 88241K, capacity 90296K, committed 90316K, reserved 1128448K
  class space    used 11303K, capacity 12026K, committed 12032K, reserved 1048576K
}
Event: 38.505 GC heap after
{Heap after GC invocations=21 (full 0):
 garbage-first heap   total 236544K, used 96394K [0x0000000080000000, 0x0000000100000000)
  region size 1024K, 11 young (11264K), 11 survivors (11264K)
 Metaspace       used 88241K, capacity 90296K, committed 90316K, reserved 1128448K
  class space    used 11303K, capacity 12026K, committed 12032K, reserved 1048576K
}
Event: 43.384 GC heap before
{Heap before GC invocations=21 (full 0):
 garbage-first heap   total 236544K, used 182410K [0x0000000080000000, 0x0000000100000000)
  region size 1024K, 96 young (98304K), 11 survivors (11264K)
 Metaspace       used 89110K, capacity 91146K, committed 91212K, reserved 1128448K
  class space    used 11372K, capacity 12096K, committed 12160K, reserved 1048576K
}
Event: 43.396 GC heap after
{Heap after GC invocations=22 (full 0):
 garbage-first heap   total 236544K, used 97544K [0x0000000080000000, 0x0000000100000000)
  region size 1024K, 8 young (8192K), 8 survivors (8192K)
 Metaspace       used 89110K, capacity 91146K, committed 91212K, reserved 1128448K
  class space    used 11372K, capacity 12096K, committed 12160K, reserved 1048576K
}
Event: 56.029 GC heap before
{Heap before GC invocations=22 (full 0):
 garbage-first heap   total 236544K, used 185608K [0x0000000080000000, 0x0000000100000000)
  region size 1024K, 95 young (97280K), 8 survivors (8192K)
 Metaspace       used 95852K, capacity 98060K, committed 98252K, reserved 1134592K
  class space    used 12231K, capacity 13035K, committed 13056K, reserved 1048576K
}
Event: 56.045 GC heap after
{Heap after GC invocations=23 (full 0):
 garbage-first heap   total 236544K, used 107520K [0x0000000080000000, 0x0000000100000000)
  region size 1024K, 12 young (12288K), 12 survivors (12288K)
 Metaspace       used 95852K, capacity 98060K, committed 98252K, reserved 1134592K
  class space    used 12231K, capacity 13035K, committed 13056K, reserved 1048576K
}

